This is pdfTeX, Version 3.1415926-2.5-1.40.14 (TeX Live 2013/Debian) (format=pdflatex 2014.11.20)  30 NOV 2014 13:42
entering extended mode
 restricted \write18 enabled.
 %&-line parsing enabled.
**docunalthesis.tex
(./docunalthesis.tex
LaTeX2e <2011/06/27>
Babel <3.9h> and hyphenation patterns for 78 languages loaded.
(./unaltesis2.cls
Document Class: unaltesis2 2010/02/13 v1.0 Document Class for U Nacional's Thes
es
(/usr/share/texlive/texmf-dist/tex/generic/babel/babel.sty
Package: babel 2013/12/03 3.9h The Babel package

(/usr/share/texlive/texmf-dist/tex/generic/babel-spanish/spanish.ldf
Language: spanish.ldf 2014/01/29 v5.0m Spanish support from the babel system

(/usr/share/texlive/texmf-dist/tex/generic/babel/babel.def
File: babel.def 2013/12/03 3.9h Babel common definitions
\babel@savecnt=\count79
\U@D=\dimen102
)
\es@datefmt=\count80
\es@quottoks=\toks14
\es@quotdepth=\count81
Package babel Info: Making " an active character on input line 496.
Package babel Info: Making . an active character on input line 599.
Package babel Info: Making < an active character on input line 644.
Package babel Info: Making > an active character on input line 644.
)
(/usr/share/texlive/texmf-dist/tex/generic/babel-english/english.ldf
Language: english 2012/08/20 v3.3p English support from the babel system
\l@canadian = a dialect from \language\l@american 
\l@australian = a dialect from \language\l@british 
\l@newzealand = a dialect from \language\l@british 
))
(/usr/share/texlive/texmf-dist/tex/latex/amscls/amsbook.cls
Document Class: amsbook 2009/07/02 v2.20.1
\linespacing=\dimen103
\normalparindent=\dimen104
\normaltopskip=\skip41
(/usr/share/texlive/texmf-dist/tex/latex/amsmath/amsmath.sty
Package: amsmath 2013/01/14 v2.14 AMS math features
\@mathmargin=\skip42

For additional information on amsmath, use the `?' option.
(/usr/share/texlive/texmf-dist/tex/latex/amsmath/amstext.sty
Package: amstext 2000/06/29 v2.01

(/usr/share/texlive/texmf-dist/tex/latex/amsmath/amsgen.sty
File: amsgen.sty 1999/11/30 v2.0
\@emptytoks=\toks15
\ex@=\dimen105
))
(/usr/share/texlive/texmf-dist/tex/latex/amsmath/amsbsy.sty
Package: amsbsy 1999/11/29 v1.2d
\pmbraise@=\dimen106
)
(/usr/share/texlive/texmf-dist/tex/latex/amsmath/amsopn.sty
Package: amsopn 1999/12/14 v2.01 operator names
)
\inf@bad=\count82
LaTeX Info: Redefining \frac on input line 210.
\uproot@=\count83
\leftroot@=\count84
LaTeX Info: Redefining \overline on input line 306.
\classnum@=\count85
\DOTSCASE@=\count86
LaTeX Info: Redefining \ldots on input line 378.
LaTeX Info: Redefining \dots on input line 381.
LaTeX Info: Redefining \cdots on input line 466.
\Mathstrutbox@=\box26
\strutbox@=\box27
\big@size=\dimen107
LaTeX Font Info:    Redeclaring font encoding OML on input line 566.
LaTeX Font Info:    Redeclaring font encoding OMS on input line 567.
\macc@depth=\count87
\c@MaxMatrixCols=\count88
\dotsspace@=\muskip10
\c@parentequation=\count89
\dspbrk@lvl=\count90
\tag@help=\toks16
\row@=\count91
\column@=\count92
\maxfields@=\count93
\andhelp@=\toks17
\eqnshift@=\dimen108
\alignsep@=\dimen109
\tagshift@=\dimen110
\tagwidth@=\dimen111
\totwidth@=\dimen112
\lineht@=\dimen113
\@envbody=\toks18
\multlinegap=\skip43
\multlinetaggap=\skip44
\mathdisplay@stack=\toks19
LaTeX Info: Redefining \[ on input line 2665.
LaTeX Info: Redefining \] on input line 2666.
)
LaTeX Font Info:    Try loading font information for U+msa on input line 367.

(/usr/share/texlive/texmf-dist/tex/latex/amsfonts/umsa.fd
File: umsa.fd 2013/01/14 v3.01 AMS symbols A
)
(/usr/share/texlive/texmf-dist/tex/latex/amsfonts/amsfonts.sty
Package: amsfonts 2013/01/14 v3.01 Basic AMSFonts support
\symAMSa=\mathgroup4
\symAMSb=\mathgroup5
LaTeX Font Info:    Overwriting math alphabet `\mathfrak' in version `bold'
(Font)                  U/euf/m/n --> U/euf/b/n on input line 106.
)
\copyins=\insert233
\abstractbox=\box28
\listisep=\skip45
\c@part=\count94
\c@chapter=\count95
\c@section=\count96
\c@subsection=\count97
\c@subsubsection=\count98
\c@paragraph=\count99
\c@subparagraph=\count100
\c@figure=\count101
\c@table=\count102
\abovecaptionskip=\skip46
\belowcaptionskip=\skip47
\captionindent=\dimen114
\thm@style=\toks20
\thm@bodyfont=\toks21
\thm@headfont=\toks22
\thm@notefont=\toks23
\thm@headpunct=\toks24
\thm@preskip=\skip48
\thm@postskip=\skip49
\thm@headsep=\skip50
\dth@everypar=\toks25
))
(/usr/share/texlive/texmf-dist/tex/latex/listings/listings.sty
(/usr/share/texlive/texmf-dist/tex/latex/graphics/keyval.sty
Package: keyval 1999/03/16 v1.13 key=value parser (DPC)
\KV@toks@=\toks26
)
\lst@mode=\count103
\lst@gtempboxa=\box29
\lst@token=\toks27
\lst@length=\count104
\lst@currlwidth=\dimen115
\lst@column=\count105
\lst@pos=\count106
\lst@lostspace=\dimen116
\lst@width=\dimen117
\lst@newlines=\count107
\lst@lineno=\count108
\lst@maxwidth=\dimen118

(/usr/share/texlive/texmf-dist/tex/latex/listings/lstmisc.sty
File: lstmisc.sty 2013/08/26 1.5b (Carsten Heinz)
\c@lstnumber=\count109
\lst@skipnumbers=\count110
\lst@framebox=\box30
)
(/usr/share/texlive/texmf-dist/tex/latex/listings/listings.cfg
File: listings.cfg 2013/08/26 1.5b listings configuration
))
Package: listings 2013/08/26 1.5b (Carsten Heinz)

(/usr/share/texlive/texmf-dist/tex/latex/amsfonts/amssymb.sty
Package: amssymb 2013/01/14 v3.01 AMS font symbols
)
(/usr/share/texlive/texmf-dist/tex/latex/setspace/setspace.sty
Package: setspace 2011/12/19 v6.7a set line spacing
)
(/usr/share/texlive/texmf-dist/tex/latex/graphics/graphicx.sty
Package: graphicx 1999/02/16 v1.0f Enhanced LaTeX Graphics (DPC,SPQR)

(/usr/share/texlive/texmf-dist/tex/latex/graphics/graphics.sty
Package: graphics 2009/02/05 v1.0o Standard LaTeX Graphics (DPC,SPQR)

(/usr/share/texlive/texmf-dist/tex/latex/graphics/trig.sty
Package: trig 1999/03/16 v1.09 sin cos tan (DPC)
)
(/usr/share/texlive/texmf-dist/tex/latex/latexconfig/graphics.cfg
File: graphics.cfg 2010/04/23 v1.9 graphics configuration of TeX Live
)
Package graphics Info: Driver file: pdftex.def on input line 91.

(/usr/share/texlive/texmf-dist/tex/latex/pdftex-def/pdftex.def
File: pdftex.def 2011/05/27 v0.06d Graphics/color for pdfTeX

(/usr/share/texlive/texmf-dist/tex/generic/oberdiek/infwarerr.sty
Package: infwarerr 2010/04/08 v1.3 Providing info/warning/error messages (HO)
)
(/usr/share/texlive/texmf-dist/tex/generic/oberdiek/ltxcmds.sty
Package: ltxcmds 2011/11/09 v1.22 LaTeX kernel commands for general use (HO)
)
\Gread@gobject=\count111
))
\Gin@req@height=\dimen119
\Gin@req@width=\dimen120
)
(/usr/share/texlive/texmf-dist/tex/latex/oberdiek/stackrel.sty
Package: stackrel 2007/11/11 v1.2 Adding subscript option to stackrel (HO)

(/usr/share/texlive/texmf-dist/tex/generic/oberdiek/etexcmds.sty
Package: etexcmds 2011/02/16 v1.5 Avoid name clashes with e-TeX commands (HO)

(/usr/share/texlive/texmf-dist/tex/generic/oberdiek/ifluatex.sty
Package: ifluatex 2010/03/01 v1.3 Provides the ifluatex switch (HO)
Package ifluatex Info: LuaTeX not detected.
)
Package etexcmds Info: Could not find \expanded.
(etexcmds)             That can mean that you are not using pdfTeX 1.50 or
(etexcmds)             that some package has redefined \expanded.
(etexcmds)             In the latter case, load this package earlier.
)
(/usr/share/texlive/texmf-dist/tex/generic/oberdiek/pdftexcmds.sty
Package: pdftexcmds 2011/11/29 v0.20 Utility functions of pdfTeX for LuaTeX (HO
)

(/usr/share/texlive/texmf-dist/tex/generic/oberdiek/ifpdf.sty
Package: ifpdf 2011/01/30 v2.3 Provides the ifpdf switch (HO)
Package ifpdf Info: pdfTeX in PDF mode is detected.
)
Package pdftexcmds Info: LuaTeX not detected.
Package pdftexcmds Info: \pdf@primitive is available.
Package pdftexcmds Info: \pdf@ifprimitive is available.
Package pdftexcmds Info: \pdfdraftmode found.
))
(/usr/share/texlive/texmf-dist/tex/latex/hyperref/hyperref.sty
Package: hyperref 2012/11/06 v6.83m Hypertext links for LaTeX

(/usr/share/texlive/texmf-dist/tex/generic/oberdiek/hobsub-hyperref.sty
Package: hobsub-hyperref 2012/05/28 v1.13 Bundle oberdiek, subset hyperref (HO)


(/usr/share/texlive/texmf-dist/tex/generic/oberdiek/hobsub-generic.sty
Package: hobsub-generic 2012/05/28 v1.13 Bundle oberdiek, subset generic (HO)
Package: hobsub 2012/05/28 v1.13 Construct package bundles (HO)
Package hobsub Info: Skipping package `infwarerr' (already loaded).
Package hobsub Info: Skipping package `ltxcmds' (already loaded).
Package hobsub Info: Skipping package `ifluatex' (already loaded).
Package: ifvtex 2010/03/01 v1.5 Detect VTeX and its facilities (HO)
Package ifvtex Info: VTeX not detected.
Package: intcalc 2007/09/27 v1.1 Expandable calculations with integers (HO)
Package hobsub Info: Skipping package `ifpdf' (already loaded).
Package hobsub Info: Skipping package `etexcmds' (already loaded).
Package: kvsetkeys 2012/04/25 v1.16 Key value parser (HO)
Package: kvdefinekeys 2011/04/07 v1.3 Define keys (HO)
Package hobsub Info: Skipping package `pdftexcmds' (already loaded).
Package: pdfescape 2011/11/25 v1.13 Implements pdfTeX's escape features (HO)
Package: bigintcalc 2012/04/08 v1.3 Expandable calculations on big integers (HO
)
Package: bitset 2011/01/30 v1.1 Handle bit-vector datatype (HO)
Package: uniquecounter 2011/01/30 v1.2 Provide unlimited unique counter (HO)
)
Package hobsub Info: Skipping package `hobsub' (already loaded).
Package: letltxmacro 2010/09/02 v1.4 Let assignment for LaTeX macros (HO)
Package: hopatch 2012/05/28 v1.2 Wrapper for package hooks (HO)
Package: xcolor-patch 2011/01/30 xcolor patch
Package: atveryend 2011/06/30 v1.8 Hooks at the very end of document (HO)
Package atveryend Info: \enddocument detected (standard20110627).
Package: atbegshi 2011/10/05 v1.16 At begin shipout hook (HO)
Package: refcount 2011/10/16 v3.4 Data extraction from label references (HO)
Package: hycolor 2011/01/30 v1.7 Color options for hyperref/bookmark (HO)
)
(/usr/share/texlive/texmf-dist/tex/generic/ifxetex/ifxetex.sty
Package: ifxetex 2010/09/12 v0.6 Provides ifxetex conditional
)
(/usr/share/texlive/texmf-dist/tex/latex/oberdiek/auxhook.sty
Package: auxhook 2011/03/04 v1.3 Hooks for auxiliary files (HO)
)
(/usr/share/texlive/texmf-dist/tex/latex/oberdiek/kvoptions.sty
Package: kvoptions 2011/06/30 v3.11 Key value format for package options (HO)
)
\@linkdim=\dimen121
\Hy@linkcounter=\count112
\Hy@pagecounter=\count113

(/usr/share/texlive/texmf-dist/tex/latex/hyperref/pd1enc.def
File: pd1enc.def 2012/11/06 v6.83m Hyperref: PDFDocEncoding definition (HO)
)
\Hy@SavedSpaceFactor=\count114

(/usr/share/texlive/texmf-dist/tex/latex/latexconfig/hyperref.cfg
File: hyperref.cfg 2002/06/06 v1.2 hyperref configuration of TeXLive
)
Package hyperref Info: Option `bookmarks' set `true' on input line 4319.
Package hyperref Info: Hyper figures OFF on input line 4443.
Package hyperref Info: Link nesting OFF on input line 4448.
Package hyperref Info: Hyper index ON on input line 4451.
Package hyperref Info: Plain pages OFF on input line 4458.
Package hyperref Info: Backreferencing OFF on input line 4463.
Package hyperref Info: Implicit mode ON; LaTeX internals redefined.
Package hyperref Info: Bookmarks ON on input line 4688.
\c@Hy@tempcnt=\count115

(/usr/share/texlive/texmf-dist/tex/latex/url/url.sty
\Urlmuskip=\muskip11
Package: url 2013/09/16  ver 3.4  Verb mode for urls, etc.
)
LaTeX Info: Redefining \url on input line 5041.
\XeTeXLinkMargin=\dimen122
\Fld@menulength=\count116
\Field@Width=\dimen123
\Fld@charsize=\dimen124
Package hyperref Info: Hyper figures OFF on input line 6295.
Package hyperref Info: Link nesting OFF on input line 6300.
Package hyperref Info: Hyper index ON on input line 6303.
Package hyperref Info: backreferencing OFF on input line 6310.
Package hyperref Info: Link coloring OFF on input line 6315.
Package hyperref Info: Link coloring with OCG OFF on input line 6320.
Package hyperref Info: PDF/A mode OFF on input line 6325.
LaTeX Info: Redefining \ref on input line 6365.
LaTeX Info: Redefining \pageref on input line 6369.
\Hy@abspage=\count117
\c@Item=\count118
\c@Hfootnote=\count119
)

Package hyperref Message: Driver (autodetected): hpdftex.

(/usr/share/texlive/texmf-dist/tex/latex/hyperref/hpdftex.def
File: hpdftex.def 2012/11/06 v6.83m Hyperref driver for pdfTeX
\Fld@listcount=\count120
\c@bookmark@seq@number=\count121

(/usr/share/texlive/texmf-dist/tex/latex/oberdiek/rerunfilecheck.sty
Package: rerunfilecheck 2011/04/15 v1.7 Rerun checks for auxiliary files (HO)
Package uniquecounter Info: New unique counter `rerunfilecheck' on input line 2
82.
)
\Hy@SectionHShift=\skip51
)
(/usr/share/texlive/texmf-dist/tex/latex/algorithm2e/algorithm2e.sty
Package: algorithm2e 2013/01/06 v5.00 algorithms environments
\c@AlgoLine=\count122

(/usr/share/texlive/texmf-dist/tex/latex/base/ifthen.sty
Package: ifthen 2001/05/26 v1.1c Standard LaTeX ifthen package (DPC)
)
(/usr/share/texlive/texmf-dist/tex/latex/tools/xspace.sty
Package: xspace 2009/10/20 v1.13 Space after command names (DPC,MH)
)
(/usr/share/texlive/texmf-dist/tex/latex/relsize/relsize.sty
Package: relsize 2013/03/29 ver 4.1
LaTeX Info: Redefining \larger on input line 150.
LaTeX Info: Redefining \smaller on input line 151.
)
********************************************************
Package `algorithm2e' Release 5.0 -- january 06 2013 --
- algorithm2e-announce@lirmm.fr mailing list for announcement about releases
- algorithm2e-discussion@lirmm.fr mailing list for discussion about package
subscribe by emailing sympa@lirmm.fr with 'subscribe <list> <firstname name>'
- Author: Christophe Fiorio (cfiorio@um2.fr)
********************************************************
\skiptotal=\skip52
\skiplinenumber=\skip53
\skiprule=\skip54
\skiphlne=\skip55
\skiptext=\skip56
\skiplength=\skip57
\algomargin=\skip58
\skipalgocfslide=\skip59
\algowidth=\dimen125
\inoutsize=\dimen126
\inoutindent=\dimen127
\interspacetitleruled=\dimen128
\interspacealgoruled=\dimen129
\interspacetitleboxruled=\dimen130
\algocf@inoutbox=\box31
\algocf@inputbox=\box32
\AlCapSkip=\skip60
\AlCapHSkip=\skip61
\algoskipindent=\skip62
\algocf@nlbox=\box33
\algocf@hangingbox=\box34
\algocf@untilbox=\box35
\algocf@skipuntil=\skip63
\algocf@capbox=\box36
\algoheightruledefault=\skip64
\algoheightrule=\skip65
\algotitleheightruledefault=\skip66
\algotitleheightrule=\skip67
\c@algocfline=\count123
\c@algocfproc=\count124
\c@algocf=\count125
\algocf@algoframe=\box37
\algocf@algobox=\box38
)
\c@theorem=\count126
 (./docunalthesis.aux (./Tab_Symbols/Notation.aux) (./Chapter1/Chapter1.aux)
(./Chapter2/Preliminars.aux) (./Chapter4/Chapter4.aux

LaTeX Warning: Label `eq:costg' multiply defined.

) (./Chapter3/Chapter3.aux) (./Chapter5/Results.aux)
(./Chapter6/Conclusions.aux) (./Appendix/Appendix1.aux

LaTeX Warning: Label `ra:Cost2Go0' multiply defined.


LaTeX Warning: Label `ra:Cost2Go1' multiply defined.

))
\openout1 = `docunalthesis.aux'.

LaTeX Font Info:    Checking defaults for OML/cmm/m/it on input line 40.
LaTeX Font Info:    ... okay on input line 40.
LaTeX Font Info:    Checking defaults for T1/cmr/m/n on input line 40.
LaTeX Font Info:    ... okay on input line 40.
LaTeX Font Info:    Checking defaults for OT1/cmr/m/n on input line 40.
LaTeX Font Info:    ... okay on input line 40.
LaTeX Font Info:    Checking defaults for OMS/cmsy/m/n on input line 40.
LaTeX Font Info:    ... okay on input line 40.
LaTeX Font Info:    Checking defaults for OMX/cmex/m/n on input line 40.
LaTeX Font Info:    ... okay on input line 40.
LaTeX Font Info:    Checking defaults for U/cmr/m/n on input line 40.
LaTeX Font Info:    ... okay on input line 40.
LaTeX Font Info:    Checking defaults for PD1/pdf/m/n on input line 40.
LaTeX Font Info:    ... okay on input line 40.
LaTeX Font Info:    Try loading font information for U+msa on input line 40.
 (/usr/share/texlive/texmf-dist/tex/latex/amsfonts/umsa.fd
File: umsa.fd 2013/01/14 v3.01 AMS symbols A
)
LaTeX Font Info:    Try loading font information for U+msb on input line 40.

(/usr/share/texlive/texmf-dist/tex/latex/amsfonts/umsb.fd
File: umsb.fd 2013/01/14 v3.01 AMS symbols B
)
(/usr/share/texlive/texmf-dist/tex/latex/base/fontenc.sty
Package: fontenc 2005/09/27 v1.99g Standard LaTeX package

(/usr/share/texlive/texmf-dist/tex/latex/base/t1enc.def
File: t1enc.def 2005/09/27 v1.99g Standard LaTeX file
LaTeX Font Info:    Redeclaring font encoding T1 on input line 43.
))
\c@lstlisting=\count127

(/usr/share/texlive/texmf-dist/tex/context/base/supp-pdf.mkii
[Loading MPS to PDF converter (version 2006.09.02).]
\scratchcounter=\count128
\scratchdimen=\dimen131
\scratchbox=\box39
\nofMPsegments=\count129
\nofMParguments=\count130
\everyMPshowfont=\toks28
\MPscratchCnt=\count131
\MPscratchDim=\dimen132
\MPnumerator=\count132
\makeMPintoPDFobject=\count133
\everyMPtoPDFconversion=\toks29
) (/usr/share/texlive/texmf-dist/tex/latex/oberdiek/epstopdf-base.sty
Package: epstopdf-base 2010/02/09 v2.5 Base part for package epstopdf

(/usr/share/texlive/texmf-dist/tex/latex/oberdiek/grfext.sty
Package: grfext 2010/08/19 v1.1 Manage graphics extensions (HO)
)
Package grfext Info: Graphics extension search list:
(grfext)             [.png,.pdf,.jpg,.mps,.jpeg,.jbig2,.jb2,.PNG,.PDF,.JPG,.JPE
G,.JBIG2,.JB2,.eps]
(grfext)             \AppendGraphicsExtensions on input line 452.

(/usr/share/texlive/texmf-dist/tex/latex/latexconfig/epstopdf-sys.cfg
File: epstopdf-sys.cfg 2010/07/13 v1.3 Configuration of (r)epstopdf for TeX Liv
e
))
\AtBeginShipoutBox=\box40
Package hyperref Info: Link coloring OFF on input line 40.

(/usr/share/texlive/texmf-dist/tex/latex/hyperref/nameref.sty
Package: nameref 2012/10/27 v2.43 Cross-referencing by name of section

(/usr/share/texlive/texmf-dist/tex/generic/oberdiek/gettitlestring.sty
Package: gettitlestring 2010/12/03 v1.4 Cleanup title references (HO)
)
\c@section@level=\count134
)
LaTeX Info: Redefining \ref on input line 40.
LaTeX Info: Redefining \pageref on input line 40.
LaTeX Info: Redefining \nameref on input line 40.

(./docunalthesis.out) (./docunalthesis.out)
\@outlinefile=\write3
\openout3 = `docunalthesis.out'.

 [1{/var/lib/texmf/fonts/map/pdftex/updmap/pdftex.map}] [1


]
Underfull \hbox (badness 10000) in paragraph at lines 84--86

 []

[2




]
Underfull \hbox (badness 10000) in paragraph at lines 91--92

 []

[3


] [4


]
Contents
(./docunalthesis.toc
Underfull \vbox (badness 2173) has occurred while \output is active []

 [5


])
\tf@toc=\write4
\openout4 = `docunalthesis.toc'.


[6]
List of Figures
(./docunalthesis.lof)
\tf@lof=\write5
\openout5 = `docunalthesis.lof'.

 [7


]
List of Tables
(./docunalthesis.lot)
\tf@lot=\write6
\openout6 = `docunalthesis.lot'.

 [8


]
\openout2 = `Tab_Symbols/Notation.aux'.

 (./Tab_Symbols/Notation.tex
Notation
) [9



]
\openout2 = `Chapter1/Chapter1.aux'.

 (./Chapter1/Chapter1.tex
Chapter 1

LaTeX Warning: Citation `Lenstra_1981' on page 1 undefined on input line 7.

Package epstopdf Info: Source file: <Images/Chapter1/variants_vrp.eps>
(epstopdf)                    date: 2014-11-20 04:12:34
(epstopdf)                    size: 134789 bytes
(epstopdf)             Output file: <Images/Chapter1/variants_vrp-eps-converted
-to.pdf>
(epstopdf)                    date: 2014-11-20 09:33:27
(epstopdf)                    size: 30646 bytes
(epstopdf)             Command: <repstopdf --outfile=Images/Chapter1/variants_v
rp-eps-converted-to.pdf Images/Chapter1/variants_vrp.eps>
(epstopdf)             \includegraphics on input line 17.
Package epstopdf Info: Output file is already uptodate.

<Images/Chapter1/variants_vrp-eps-converted-to.pdf, id=291, 608.2725pt x 152.57
pt>
File: Images/Chapter1/variants_vrp-eps-converted-to.pdf Graphic file (type pdf)

 <use Images/Chapter1/variants_vrp-eps-converted-to.pdf>
Package pdftex.def Info: Images/Chapter1/variants_vrp-eps-converted-to.pdf used
 on input line 17.
(pdftex.def)             Requested size: 355.09174pt x 89.06801pt.
pdfTeX warning (ext4): destination with the same identifier (name{page.1}) has 
been already used, duplicate ignored
<to be read again> 
                   \relax 
l.24 
      [1





 <./Images/Chapter1/variants_vrp-eps-converted-to.pdf>]
Underfull \vbox (badness 10000) has occurred while \output is active []

 [2]
[3]) [4]
\openout2 = `Chapter2/Preliminars.aux'.

 (./Chapter2/Preliminars.tex
Chapter 2
[5




]
Underfull \vbox (badness 10000) has occurred while \output is active []

 [6]
[7]

LaTeX Warning: Citation `Bertsekas_1996' on page 8 undefined on input line 88.

[8] [9]
Underfull \vbox (badness 10000) has occurred while \output is active []

 [10]
Underfull \vbox (badness 10000) has occurred while \output is active []

 [11]
Underfull \vbox (badness 10000) has occurred while \output is active []

 [12]
[13] [14]
Package epstopdf Info: Source file: <Images/Chapter2/exIns4a.eps>
(epstopdf)                    date: 2014-11-20 04:12:18
(epstopdf)                    size: 81655 bytes
(epstopdf)             Output file: <Images/Chapter2/exIns4a-eps-converted-to.p
df>
(epstopdf)                    date: 2014-11-20 09:33:28
(epstopdf)                    size: 26499 bytes
(epstopdf)             Command: <repstopdf --outfile=Images/Chapter2/exIns4a-ep
s-converted-to.pdf Images/Chapter2/exIns4a.eps>
(epstopdf)             \includegraphics on input line 285.
Package epstopdf Info: Output file is already uptodate.

<Images/Chapter2/exIns4a-eps-converted-to.pdf, id=485, 1600.98125pt x 497.86pt>
File: Images/Chapter2/exIns4a-eps-converted-to.pdf Graphic file (type pdf)
<use Images/Chapter2/exIns4a-eps-converted-to.pdf>
Package pdftex.def Info: Images/Chapter2/exIns4a-eps-converted-to.pdf used on i
nput line 285.
(pdftex.def)             Requested size: 443.86299pt x 138.02484pt.
 [15] [16 <./Images/Chapter2/exIns4a-eps-converted-to.pdf>]
Package epstopdf Info: Source file: <Images/Chapter2/System_SDP.eps>
(epstopdf)                    date: 2014-11-20 04:12:28
(epstopdf)                    size: 51185 bytes
(epstopdf)             Output file: <Images/Chapter2/System_SDP-eps-converted-t
o.pdf>
(epstopdf)                    date: 2014-11-20 09:33:29
(epstopdf)                    size: 19495 bytes
(epstopdf)             Command: <repstopdf --outfile=Images/Chapter2/System_SDP
-eps-converted-to.pdf Images/Chapter2/System_SDP.eps>
(epstopdf)             \includegraphics on input line 316.
Package epstopdf Info: Output file is already uptodate.

<Images/Chapter2/System_SDP-eps-converted-to.pdf, id=500, 913.4125pt x 249.9337
5pt>
File: Images/Chapter2/System_SDP-eps-converted-to.pdf Graphic file (type pdf)
 <use Images/Chapter2/System_SDP-eps-converted-to.pdf>
Package pdftex.def Info: Images/Chapter2/System_SDP-eps-converted-to.pdf used o
n input line 316.
(pdftex.def)             Requested size: 443.86299pt x 121.45035pt.

Underfull \vbox (badness 3219) has occurred while \output is active []

 [17 <./Images/Chapter2/System_SDP-eps-converted-to.pdf>]) [18]
\openout2 = `Chapter4/Chapter4.aux'.

 (./Chapter4/Chapter4.tex
Chapter 3
[19




] [20] [21]
Underfull \vbox (badness 1502) has occurred while \output is active []

 [22])
[23]
\openout2 = `Chapter3/Chapter3.aux'.

 (./Chapter3/Chapter3.tex
Chapter 4

Underfull \vbox (badness 3260) has occurred while \output is active []

 [24




]
Package epstopdf Info: Source file: <Images/Chapter3/ga_basic.eps>
(epstopdf)                    date: 2014-11-20 04:12:10
(epstopdf)                    size: 39263 bytes
(epstopdf)             Output file: <Images/Chapter3/ga_basic-eps-converted-to.
pdf>
(epstopdf)                    date: 2014-11-20 09:33:30
(epstopdf)                    size: 17095 bytes
(epstopdf)             Command: <repstopdf --outfile=Images/Chapter3/ga_basic-e
ps-converted-to.pdf Images/Chapter3/ga_basic.eps>
(epstopdf)             \includegraphics on input line 30.
Package epstopdf Info: Output file is already uptodate.

<Images/Chapter3/ga_basic-eps-converted-to.pdf, id=575, 485.815pt x 367.3725pt>
File: Images/Chapter3/ga_basic-eps-converted-to.pdf Graphic file (type pdf)
<use Images/Chapter3/ga_basic-eps-converted-to.pdf>
Package pdftex.def Info: Images/Chapter3/ga_basic-eps-converted-to.pdf used on 
input line 30.
(pdftex.def)             Requested size: 266.3205pt x 201.38841pt.

Underfull \vbox (badness 1412) has occurred while \output is active []

 [25 <./Images/Chapter3/ga_basic-eps-converted-to.pdf>]

LaTeX Warning: Reference `fig:ga_basic_i_30r1' on page 26 undefined on input li
ne 81.

[26]
Package epstopdf Info: Source file: <Images/Chapter3/mvi_20r4_m_regular.eps>
(epstopdf)                    date: 2014-11-30 11:50:35
(epstopdf)                    size: 17368 bytes
(epstopdf)             Output file: <Images/Chapter3/mvi_20r4_m_regular-eps-con
verted-to.pdf>
(epstopdf)                    date: 2014-11-30 11:56:01
(epstopdf)                    size: 12550 bytes
(epstopdf)             Command: <repstopdf --outfile=Images/Chapter3/mvi_20r4_m
_regular-eps-converted-to.pdf Images/Chapter3/mvi_20r4_m_regular.eps>
(epstopdf)             \includegraphics on input line 85.
Package epstopdf Info: Output file is already uptodate.

<Images/Chapter3/mvi_20r4_m_regular-eps-converted-to.pdf, id=593, 449.68pt x 33
8.26375pt>
File: Images/Chapter3/mvi_20r4_m_regular-eps-converted-to.pdf Graphic file (typ
e pdf)
 <use Images/Chapter3/mvi_20r4_m_regular-eps-converted-to.pdf>
Package pdftex.def Info: Images/Chapter3/mvi_20r4_m_regular-eps-converted-to.pd
f used on input line 85.
(pdftex.def)             Requested size: 399.47397pt x 300.51183pt.

[27 <./Images/Chapter3/mvi_20r4_m_regular-eps-converted-to.pdf>]
Package epstopdf Info: Source file: <Images/Chapter3/mvi_20r4_m_memetic.eps>
(epstopdf)                    date: 2014-11-23 23:50:03
(epstopdf)                    size: 16874 bytes
(epstopdf)             Output file: <Images/Chapter3/mvi_20r4_m_memetic-eps-con
verted-to.pdf>
(epstopdf)                    date: 2014-11-30 11:56:02
(epstopdf)                    size: 12363 bytes
(epstopdf)             Command: <repstopdf --outfile=Images/Chapter3/mvi_20r4_m
_memetic-eps-converted-to.pdf Images/Chapter3/mvi_20r4_m_memetic.eps>
(epstopdf)             \includegraphics on input line 112.
Package epstopdf Info: Output file is already uptodate.

<Images/Chapter3/mvi_20r4_m_memetic-eps-converted-to.pdf, id=609, 410.53375pt x
 309.155pt>
File: Images/Chapter3/mvi_20r4_m_memetic-eps-converted-to.pdf Graphic file (typ
e pdf)
 <use Images/Chapter3/mvi_20r4_m_memetic-eps-converted-to.pdf>
Package pdftex.def Info: Images/Chapter3/mvi_20r4_m_memetic-eps-converted-to.pd
f used on input line 112.
(pdftex.def)             Requested size: 399.47397pt x 300.82344pt.
)
[28 <./Images/Chapter3/mvi_20r4_m_memetic-eps-converted-to.pdf>]
\openout2 = `Chapter5/Results.aux'.


(./Chapter5/Results.tex
Chapter 5

LaTeX Warning: `!h' float specifier changed to `!ht'.

[29




]
Package epstopdf Info: Source file: <Images/Chapter5/cyclic_vs_straightforward_
avgdistance_n5_n8.eps>
(epstopdf)                    date: 2014-11-20 04:11:32
(epstopdf)                    size: 185243 bytes
(epstopdf)             Output file: <Images/Chapter5/cyclic_vs_straightforward_
avgdistance_n5_n8-eps-converted-to.pdf>
(epstopdf)                    date: 2014-11-20 09:33:32
(epstopdf)                    size: 26682 bytes
(epstopdf)             Command: <repstopdf --outfile=Images/Chapter5/cyclic_vs_
straightforward_avgdistance_n5_n8-eps-converted-to.pdf Images/Chapter5/cyclic_v
s_straightforward_avgdistance_n5_n8.eps>
(epstopdf)             \includegraphics on input line 83.
Package epstopdf Info: Output file is already uptodate.

<Images/Chapter5/cyclic_vs_straightforward_avgdistance_n5_n8-eps-converted-to.p
df, id=631, 988.69376pt x 553.06625pt>
File: Images/Chapter5/cyclic_vs_straightforward_avgdistance_n5_n8-eps-converted
-to.pdf Graphic file (type pdf)

<use Images/Chapter5/cyclic_vs_straightforward_avgdistance_n5_n8-eps-converted-
to.pdf>
Package pdftex.def Info: Images/Chapter5/cyclic_vs_straightforward_avgdistance_
n5_n8-eps-converted-to.pdf used on input line 83.
(pdftex.def)             Requested size: 443.86299pt x 248.28677pt.
Package epstopdf Info: Source file: <Images/Chapter5/avg_vs_expected_distance_t
our.eps>
(epstopdf)                    date: 2014-11-20 04:11:18
(epstopdf)                    size: 255266 bytes
(epstopdf)             Output file: <Images/Chapter5/avg_vs_expected_distance_t
our-eps-converted-to.pdf>
(epstopdf)                    date: 2014-11-20 09:33:35
(epstopdf)                    size: 20836 bytes
(epstopdf)             Command: <repstopdf --outfile=Images/Chapter5/avg_vs_exp
ected_distance_tour-eps-converted-to.pdf Images/Chapter5/avg_vs_expected_distan
ce_tour.eps>
(epstopdf)             \includegraphics on input line 94.
Package epstopdf Info: Output file is already uptodate.

<Images/Chapter5/avg_vs_expected_distance_tour-eps-converted-to.pdf, id=632, 10
49.9225pt x 603.25375pt>
File: Images/Chapter5/avg_vs_expected_distance_tour-eps-converted-to.pdf Graphi
c file (type pdf)

<use Images/Chapter5/avg_vs_expected_distance_tour-eps-converted-to.pdf>
Package pdftex.def Info: Images/Chapter5/avg_vs_expected_distance_tour-eps-conv
erted-to.pdf used on input line 94.
(pdftex.def)             Requested size: 443.86299pt x 255.03093pt.
Package epstopdf Info: Source file: <Images/Chapter5/time_vs_expected_distance_
tour.eps>
(epstopdf)                    date: 2014-11-20 04:12:04
(epstopdf)                    size: 241089 bytes
(epstopdf)             Output file: <Images/Chapter5/time_vs_expected_distance_
tour-eps-converted-to.pdf>
(epstopdf)                    date: 2014-11-20 09:33:37
(epstopdf)                    size: 16763 bytes
(epstopdf)             Command: <repstopdf --outfile=Images/Chapter5/time_vs_ex
pected_distance_tour-eps-converted-to.pdf Images/Chapter5/time_vs_expected_dist
ance_tour.eps>
(epstopdf)             \includegraphics on input line 101.
Package epstopdf Info: Output file is already uptodate.

<Images/Chapter5/time_vs_expected_distance_tour-eps-converted-to.pdf, id=633, 1
049.9225pt x 603.25375pt>
File: Images/Chapter5/time_vs_expected_distance_tour-eps-converted-to.pdf Graph
ic file (type pdf)

<use Images/Chapter5/time_vs_expected_distance_tour-eps-converted-to.pdf>
Package pdftex.def Info: Images/Chapter5/time_vs_expected_distance_tour-eps-con
verted-to.pdf used on input line 101.
(pdftex.def)             Requested size: 443.86299pt x 255.03093pt.

[30] [31 <./Images/Chapter5/cyclic_vs_straightforward_avgdistance_n5_n8-eps-con
verted-to.pdf> <./Images/Chapter5/avg_vs_expected_distance_tour-eps-converted-t
o.pdf>]

LaTeX Warning: Reference `fig:customer_n10_f1_s1' on page 32 undefined on input
 line 119.


LaTeX Warning: Reference `fig:tour_n10_f1_s1' on page 32 undefined on input lin
e 129.


LaTeX Warning: Reference `fig:improve_n10_f1_s1' on page 32 undefined on input 
line 138.

) [32 <./Images/Chapter5/time_vs_expected_distance_tour-eps-converted-to.pdf>]
\openout2 = `Chapter6/Conclusions.aux'.


(./Chapter6/Conclusions.tex
Chapter 6
) [33




]
\openout2 = `Appendix/Appendix1.aux'.

 (./Appendix/Appendix1.tex
Appendix A

Overfull \hbox (2.22853pt too wide) detected at line 57
[]\OML/cmm/m/it/12 g[]\OT1/cmr/m/n/12 (\OML/cmm/m/it/12 l; m; x\OT1/cmr/m/n/12 
) = \OML/cmm/m/it/12 d\OT1/cmr/m/n/12 (\OML/cmm/m/it/12 ^^\[]; m\OT1/cmr/m/n/12
 ) + [] \OML/cmm/m/it/12 p[]\OT1/cmr/m/n/12 (\OML/cmm/m/it/12 k\OT1/cmr/m/n/12 
)^^@(\OML/cmm/m/it/12 ^^\; l \OT1/cmr/m/n/12 + 1\OML/cmm/m/it/12 ; q[] \OMS/cms
y/m/n/12 ^^@ \OML/cmm/m/it/12 k\OT1/cmr/m/n/12 ) + [] 2\OML/cmm/m/it/12 d\OT1/c
mr/m/n/12 (0\OML/cmm/m/it/12 ; m\OT1/cmr/m/n/12 )\OML/cmm/m/it/12 p[]\OT1/cmr/m
/n/12 (\OML/cmm/m/it/12 k\OT1/cmr/m/n/12 )^^@(\OML/cmm/m/it/12 ^^\; l \OT1/cmr/
m/n/12 + 1\OML/cmm/m/it/12 ; q[] \OT1/cmr/m/n/12 + \OML/cmm/m/it/12 Q \OMS/cmsy
/m/n/12 ^^@ \OML/cmm/m/it/12 k\OT1/cmr/m/n/12 )
 []

) [34




] [35] (./docunalthesis.bbl
Bibliography

Underfull \vbox (badness 10000) has occurred while \output is active []

 [36



]
Underfull \vbox (badness 10000) has occurred while \output is active []

 [37])
Package atveryend Info: Empty hook `BeforeClearDocument' on input line 168.

[38]
Package atveryend Info: Empty hook `AfterLastShipout' on input line 168.
 (./docunalthesis.aux (./Tab_Symbols/Notation.aux) (./Chapter1/Chapter1.aux) (.
/Chapter2/Preliminars.aux) (./Chapter4/Chapter4.aux)
(./Chapter3/Chapter3.aux) (./Chapter5/Results.aux) (./Chapter6/Conclusions.aux)
(./Appendix/Appendix1.aux))
Package atveryend Info: Executing hook `AtVeryEndDocument' on input line 168.
Package atveryend Info: Executing hook `AtEndAfterFileList' on input line 168.
Package rerunfilecheck Info: File `docunalthesis.out' has not changed.
(rerunfilecheck)             Checksum: 3AC76B9B0680B36EB8799B20BB1FD5B0;2993.


LaTeX Warning: There were undefined references.


LaTeX Warning: There were multiply-defined labels.

Package atveryend Info: Empty hook `AtVeryVeryEnd' on input line 168.
 ) 
Here is how much of TeX's memory you used:
 10396 strings out of 493304
 148269 string characters out of 6139870
 271884 words of memory out of 5000000
 13272 multiletter control sequences out of 15000+600000
 21412 words of font info for 61 fonts, out of 8000000 for 9000
 1118 hyphenation exceptions out of 8191
 40i,17n,33p,1231b,509s stack positions out of 5000i,500n,10000p,200000b,80000s
{/usr/share/texmf/fonts/enc/dvips/cm-super/cm-super-t1.enc}</usr/share/texliv
e/texmf-dist/fonts/type1/public/amsfonts/cm/cmbx12.pfb></usr/share/texlive/texm
f-dist/fonts/type1/public/amsfonts/cm/cmex10.pfb></usr/share/texlive/texmf-dist
/fonts/type1/public/amsfonts/cm/cmmi12.pfb></usr/share/texlive/texmf-dist/fonts
/type1/public/amsfonts/cm/cmmi6.pfb></usr/share/texlive/texmf-dist/fonts/type1/
public/amsfonts/cm/cmmi8.pfb></usr/share/texlive/texmf-dist/fonts/type1/public/
amsfonts/cm/cmr12.pfb></usr/share/texlive/texmf-dist/fonts/type1/public/amsfont
s/cm/cmr6.pfb></usr/share/texlive/texmf-dist/fonts/type1/public/amsfonts/cm/cmr
8.pfb></usr/share/texlive/texmf-dist/fonts/type1/public/amsfonts/cm/cmsy10.pfb>
</usr/share/texlive/texmf-dist/fonts/type1/public/amsfonts/cm/cmsy6.pfb></usr/s
hare/texlive/texmf-dist/fonts/type1/public/amsfonts/cm/cmsy8.pfb></usr/share/te
xlive/texmf-dist/fonts/type1/public/amsfonts/symbols/msam10.pfb></usr/share/tex
live/texmf-dist/fonts/type1/public/amsfonts/symbols/msbm10.pfb></usr/share/texm
f/fonts/type1/public/cm-super/sfbx1200.pfb></usr/share/texmf/fonts/type1/public
/cm-super/sfbx1440.pfb></usr/share/texmf/fonts/type1/public/cm-super/sfcc1200.p
fb></usr/share/texmf/fonts/type1/public/cm-super/sfrm0900.pfb></usr/share/texmf
/fonts/type1/public/cm-super/sfrm1000.pfb></usr/share/texmf/fonts/type1/public/
cm-super/sfrm1095.pfb></usr/share/texmf/fonts/type1/public/cm-super/sfrm1200.pf
b></usr/share/texmf/fonts/type1/public/cm-super/sfrm1440.pfb></usr/share/texmf/
fonts/type1/public/cm-super/sfti1000.pfb></usr/share/texmf/fonts/type1/public/c
m-super/sfti1200.pfb>
Output written on docunalthesis.pdf (48 pages, 611634 bytes).
PDF statistics:
 808 PDF objects out of 1000 (max. 8388607)
 711 compressed objects within 8 object streams
 203 named destinations out of 1000 (max. 500000)
 374 words of extra memory for PDF output out of 10000 (max. 10000000)

