\BOOKMARK [0][-]{Doc-Start}{List of Figures}{}% 1
\BOOKMARK [0][-]{Doc-Start}{List of Tables}{}% 2
\BOOKMARK [0][-]{chapter*.1}{Notation}{}% 3
\BOOKMARK [0][-]{chapter.1}{Chapter 1. Introduction}{}% 4
\BOOKMARK [1][-]{section.1.1}{1.1. Introduction}{chapter.1}% 5
\BOOKMARK [1][-]{section.1.2}{1.2. Proposal}{chapter.1}% 6
\BOOKMARK [1][-]{section.1.3}{1.3. Objective}{chapter.1}% 7
\BOOKMARK [2][-]{subsection.1.3.1}{1.3.1. Specifics objectives}{section.1.3}% 8
\BOOKMARK [1][-]{section.1.4}{1.4. Contributions}{chapter.1}% 9
\BOOKMARK [1][-]{section.1.5}{1.5. Outline}{chapter.1}% 10
\BOOKMARK [0][-]{chapter.2}{Chapter 2. Background}{}% 11
\BOOKMARK [1][-]{section.2.1}{2.1. A review of Vehicle Routing Problem with Stochastic Demands}{chapter.2}% 12
\BOOKMARK [2][-]{subsection.2.1.1}{2.1.1. Application cases}{section.2.1}% 13
\BOOKMARK [2][-]{subsection.2.1.2}{2.1.2. Solution methods}{section.2.1}% 14
\BOOKMARK [1][-]{section.2.2}{2.2. Formulation of VRPSD}{chapter.2}% 15
\BOOKMARK [2][-]{subsection.2.2.1}{2.2.1. Stochastic programming}{section.2.2}% 16
\BOOKMARK [2][-]{subsection.2.2.2}{2.2.2. Stochastic Dynamic Programming}{section.2.2}% 17
\BOOKMARK [2][-]{subsection.2.2.3}{2.2.3. Stochastic Dynamic Programming approach for VRPSD}{section.2.2}% 18
\BOOKMARK [1][-]{section.2.3}{2.3. Summary}{chapter.2}% 19
\BOOKMARK [0][-]{chapter.3}{Chapter 3. Stochastic Dynamic programming solution}{}% 20
\BOOKMARK [1][-]{section.3.1}{3.1. Dynamic approach for VRPSD}{chapter.3}% 21
\BOOKMARK [2][-]{subsection.3.1.1}{3.1.1. Expected distance}{section.3.1}% 22
\BOOKMARK [1][-]{section.3.2}{3.2. Policy iteration}{chapter.3}% 23
\BOOKMARK [2][-]{subsection.3.2.1}{3.2.1. Rollout algorithm}{section.3.2}% 24
\BOOKMARK [1][-]{section.3.3}{3.3. Summary}{chapter.3}% 25
\BOOKMARK [0][-]{chapter.4}{Chapter 4. Hybrid evolutionary approach}{}% 26
\BOOKMARK [1][-]{section.4.1}{4.1. Hybrid evolutionary algorithm}{chapter.4}% 27
\BOOKMARK [2][-]{subsection.4.1.1}{4.1.1. A basic genetic algorithm for vehicle routing problem with stochastic demands}{section.4.1}% 28
\BOOKMARK [1][-]{section.4.2}{4.2. Summary}{chapter.4}% 29
\BOOKMARK [0][-]{chapter.5}{Chapter 5. Experiments and Numerical Results}{}% 30
\BOOKMARK [1][-]{section.5.1}{5.1. Instances of VRPSD}{chapter.5}% 31
\BOOKMARK [2][-]{subsection.5.1.1}{5.1.1. Instance generation}{section.5.1}% 32
\BOOKMARK [1][-]{section.5.2}{5.2. Assess the expected distance for a given policy}{chapter.5}% 33
\BOOKMARK [2][-]{subsection.5.2.1}{5.2.1. Expected distance algorithm}{section.5.2}% 34
\BOOKMARK [2][-]{subsection.5.2.2}{5.2.2. Evoulutionary algorithm}{section.5.2}% 35
\BOOKMARK [0][-]{chapter.6}{Chapter 6. Conclusions}{}% 36
\BOOKMARK [1][-]{section.6.1}{6.1. Conclusions}{chapter.6}% 37
\BOOKMARK [1][-]{section.6.2}{6.2. Perspectives}{chapter.6}% 38
\BOOKMARK [0][-]{appendix.A}{Appendix A. Algorithms}{}% 39
\BOOKMARK [1][-]{section.A.1}{A.1. Algorithms detaileds}{appendix.A}% 40
\BOOKMARK [0][-]{appendix*.13}{Bibliography}{}% 41
