\BOOKMARK [0][-]{Doc-Start}{List of Figures}{}% 1
\BOOKMARK [0][-]{Doc-Start}{List of Tables}{}% 2
\BOOKMARK [0][-]{chapter*.1}{Notation}{}% 3
\BOOKMARK [0][-]{chapter.1}{Chapter 1. Introduction}{}% 4
\BOOKMARK [1][-]{section.1.1}{1.1. Introduction}{chapter.1}% 5
\BOOKMARK [1][-]{section.1.2}{1.2. Proposal}{chapter.1}% 6
\BOOKMARK [1][-]{section.1.3}{1.3. Objective}{chapter.1}% 7
\BOOKMARK [2][-]{subsection.1.3.1}{1.3.1. Specifics Objectives}{section.1.3}% 8
\BOOKMARK [1][-]{section.1.4}{1.4. Contributions}{chapter.1}% 9
\BOOKMARK [1][-]{section.1.5}{1.5. Outline}{chapter.1}% 10
\BOOKMARK [0][-]{chapter.2}{Chapter 2. Background}{}% 11
\BOOKMARK [1][-]{section.2.1}{2.1. A Review of Vehicle Routing Problem with Stochastic Demands}{chapter.2}% 12
\BOOKMARK [2][-]{subsection.2.1.1}{2.1.1. Application cases}{section.2.1}% 13
\BOOKMARK [2][-]{subsection.2.1.2}{2.1.2. Solution methods}{section.2.1}% 14
\BOOKMARK [1][-]{section.2.2}{2.2. Formulation of VRPSD}{chapter.2}% 15
\BOOKMARK [2][-]{subsection.2.2.1}{2.2.1. Stochastic programming}{section.2.2}% 16
\BOOKMARK [2][-]{subsection.2.2.2}{2.2.2. Stochastic Dynamic Programming}{section.2.2}% 17
\BOOKMARK [2][-]{subsection.2.2.3}{2.2.3. Stochastic Dynamic Programming approach for VRPSD}{section.2.2}% 18
\BOOKMARK [1][-]{section.2.3}{2.3. Summary}{chapter.2}% 19
\BOOKMARK [0][-]{chapter.3}{Chapter 3. Stochastic Dynamic programming solution}{}% 20
\BOOKMARK [1][-]{section.3.1}{3.1. Dynamic approach for VRPSD}{chapter.3}% 21
\BOOKMARK [2][-]{subsection.3.1.1}{3.1.1. Expected distance}{section.3.1}% 22
\BOOKMARK [2][-]{subsection.3.1.2}{3.1.2. Defining initial policy}{section.3.1}% 23
\BOOKMARK [1][-]{section.3.2}{3.2. Policy iteration}{chapter.3}% 24
\BOOKMARK [1][-]{section.3.3}{3.3. Neuro-Dynamic programming}{chapter.3}% 25
\BOOKMARK [1][-]{section.3.4}{3.4. Approximate policy iteration}{chapter.3}% 26
\BOOKMARK [1][-]{section.3.5}{3.5. Optimistic Approximate policy iteration}{chapter.3}% 27
\BOOKMARK [1][-]{section.3.6}{3.6. Rollout policy}{chapter.3}% 28
\BOOKMARK [2][-]{subsection.3.6.1}{3.6.1. Rollout algorithm}{section.3.6}% 29
\BOOKMARK [0][-]{chapter.4}{Chapter 4. Hybrid Evolutionary approach}{}% 30
\BOOKMARK [1][-]{section.4.1}{4.1. Hybrid Genetic Algorithm}{chapter.4}% 31
\BOOKMARK [2][-]{subsection.4.1.1}{4.1.1. A basic genetic algorithm for vehicle routing problem with stochastic demands}{section.4.1}% 32
\BOOKMARK [2][-]{subsection.4.1.2}{4.1.2. Genetic operators}{section.4.1}% 33
\BOOKMARK [0][-]{chapter.5}{Chapter 5. Experiments and Numerical Results}{}% 34
\BOOKMARK [1][-]{section.5.1}{5.1. Instances of VRPSD}{chapter.5}% 35
\BOOKMARK [2][-]{subsection.5.1.1}{5.1.1. Instance generation}{section.5.1}% 36
\BOOKMARK [1][-]{section.5.2}{5.2. Assess the expected distance for a given policy}{chapter.5}% 37
\BOOKMARK [2][-]{subsection.5.2.1}{5.2.1. Expected distance algorithm}{section.5.2}% 38
\BOOKMARK [0][-]{chapter.6}{Chapter 6. Results discussions, conclusions and future works}{}% 39
\BOOKMARK [0][-]{chapter*.9}{Bibliography}{}% 40
